This is pdfTeX, Version 3.14159265-2.6-1.40.19 (TeX Live 2019/dev/Debian) (preloaded format=pdflatex 2020.9.26)  2 MAY 2021 09:31
entering extended mode
 restricted \write18 enabled.
 %&-line parsing enabled.
**Manux.tex
(./Manux.tex
LaTeX2e <2018-12-01>
(/usr/share/texlive/texmf-dist/tex/latex/base/article.cls
Document Class: article 2018/09/03 v1.4i Standard LaTeX document class
(/usr/share/texlive/texmf-dist/tex/latex/base/size10.clo
File: size10.clo 2018/09/03 v1.4i Standard LaTeX file (size option)
)
\c@part=\count80
\c@section=\count81
\c@subsection=\count82
\c@subsubsection=\count83
\c@paragraph=\count84
\c@subparagraph=\count85
\c@figure=\count86
\c@table=\count87
\abovecaptionskip=\skip41
\belowcaptionskip=\skip42
\bibindent=\dimen102
)
(/usr/share/texlive/texmf-dist/tex/generic/epsf/epsf.sty
This is `epsf.tex' v2.7.4 <14 February 2011>
\epsffilein=\read1
\epsfframemargin=\dimen103
\epsfframethickness=\dimen104
\epsfrsize=\dimen105
\epsftmp=\dimen106
\epsftsize=\dimen107
\epsfxsize=\dimen108
\epsfysize=\dimen109
\pspoints=\dimen110
) (/usr/share/texlive/texmf-dist/tex/latex/ntgclass/a4.sty
Package: a4 2004/04/15 v1.2g A4 based page layout
)
(/usr/share/texlive/texmf-dist/tex/latex/base/makeidx.sty
Package: makeidx 2014/09/29 v1.0m Standard LaTeX package
)
(/home/manu/EDITION/LATEX/TEXINPUTS/PERSO/Manu.sty
---< Style (foireux) de Manu Chaput >---
(/usr/share/texlive/texmf-dist/tex/latex/base/ifthen.sty
Package: ifthen 2014/09/29 v1.1c Standard LaTeX ifthen package (DPC)
)
(/usr/share/texlive/texmf-dist/tex/latex/tools/verbatim.sty
Package: verbatim 2014/10/28 v1.5q LaTeX2e package for verbatim enhancements
\every@verbatim=\toks14
\verbatim@line=\toks15
\verbatim@in@stream=\read2
)
\c@oldexocount=\count88
\c@exercicecount=\count89
\c@questioncount=\count90
\c@solutioncount=\count91
\c@solutionquestioncount=\count92
\c@madefinition=\count93
\c@exocount=\count94
\c@defcount=\count95
)
(/usr/share/texlive/texmf-dist/tex/latex/psnfss/palatino.sty
Package: palatino 2005/04/12 PSNFSS-v9.2a (SPQR) 
)
(/usr/share/texlive/texmf-dist/tex/latex/tools/multicol.sty
Package: multicol 2018/12/27 v1.8v multicolumn formatting (FMi)
\c@tracingmulticols=\count96
\mult@box=\box27
\multicol@leftmargin=\dimen111
\c@unbalance=\count97
\c@collectmore=\count98
\doublecol@number=\count99
\multicoltolerance=\count100
\multicolpretolerance=\count101
\full@width=\dimen112
\page@free=\dimen113
\premulticols=\dimen114
\postmulticols=\dimen115
\multicolsep=\skip43
\multicolbaselineskip=\skip44
\partial@page=\box28
\last@line=\box29
\maxbalancingoverflow=\dimen116
\mult@rightbox=\box30
\mult@grightbox=\box31
\mult@gfirstbox=\box32
\mult@firstbox=\box33
\@tempa=\box34
\@tempa=\box35
\@tempa=\box36
\@tempa=\box37
\@tempa=\box38
\@tempa=\box39
\@tempa=\box40
\@tempa=\box41
\@tempa=\box42
\@tempa=\box43
\@tempa=\box44
\@tempa=\box45
\@tempa=\box46
\@tempa=\box47
\@tempa=\box48
\@tempa=\box49
\@tempa=\box50
\c@columnbadness=\count102
\c@finalcolumnbadness=\count103
\last@try=\dimen117
\multicolovershoot=\dimen118
\multicolundershoot=\dimen119
\mult@nat@firstbox=\box51
\colbreak@box=\box52
\mc@col@check@num=\count104
)
(/usr/share/texlive/texmf-dist/tex/latex/graphics/graphicx.sty
Package: graphicx 2017/06/01 v1.1a Enhanced LaTeX Graphics (DPC,SPQR)

(/usr/share/texlive/texmf-dist/tex/latex/graphics/keyval.sty
Package: keyval 2014/10/28 v1.15 key=value parser (DPC)
\KV@toks@=\toks16
)
(/usr/share/texlive/texmf-dist/tex/latex/graphics/graphics.sty
Package: graphics 2017/06/25 v1.2c Standard LaTeX Graphics (DPC,SPQR)

(/usr/share/texlive/texmf-dist/tex/latex/graphics/trig.sty
Package: trig 2016/01/03 v1.10 sin cos tan (DPC)
)
(/usr/share/texlive/texmf-dist/tex/latex/graphics-cfg/graphics.cfg
File: graphics.cfg 2016/06/04 v1.11 sample graphics configuration
)
Package graphics Info: Driver file: pdftex.def on input line 99.

(/usr/share/texlive/texmf-dist/tex/latex/graphics-def/pdftex.def
File: pdftex.def 2018/01/08 v1.0l Graphics/color driver for pdftex
))
\Gin@req@height=\dimen120
\Gin@req@width=\dimen121
)
(/usr/share/texlive/texmf-dist/tex/latex/base/inputenc.sty
Package: inputenc 2018/08/11 v1.3c Input encoding file
\inpenc@prehook=\toks17
\inpenc@posthook=\toks18

(/usr/share/texlive/texmf-dist/tex/latex/base/latin1.def
File: latin1.def 2018/08/11 v1.3c Input encoding file
))
(/usr/share/texlive/texmf-dist/tex/generic/babel/babel.sty
Package: babel 2018/11/13 3.27 The Babel package

(/usr/share/texlive/texmf-dist/tex/generic/babel/switch.def
File: switch.def 2018/11/13 3.27 Babel switching mechanism
)
(/usr/share/texlive/texmf-dist/tex/generic/babel-french/french.ldf
Language: french 2019/01/30 v3.5d French support from the babel system

(/usr/share/texlive/texmf-dist/tex/generic/babel/babel.def
File: babel.def 2018/11/13 3.27 Babel common definitions
\babel@savecnt=\count105
\U@D=\dimen122

(/usr/share/texlive/texmf-dist/tex/generic/babel/txtbabel.def)
\bbl@dirlevel=\count106
)
\l@french = a dialect from \language\l@nohyphenation 


Package babel Warning: No hyphenation patterns were preloaded for
(babel)                the language `French' into the format.
(babel)                Please, configure your TeX system to add them and
(babel)                rebuild the format. Now I will use the patterns
(babel)                preloaded for \language=nohyphenation instead on input l
ine 87.

\l@acadian = a dialect from \language\l@french 
\FB@nonchar=\count107
Package babel Info: Making : an active character on input line 414.
Package babel Info: Making ; an active character on input line 415.
Package babel Info: Making ! an active character on input line 416.
Package babel Info: Making ? an active character on input line 417.
\FBguill@level=\count108
\FBold@everypar=\toks19
\FB@Mht=\dimen123
\mc@charclass=\count109
\mc@charfam=\count110
\mc@charslot=\count111
\std@mcc=\count112
\dec@mcc=\count113
\c@FBcaption@count=\count114
\listindentFB=\dimen124
\descindentFB=\dimen125
\labelindentFB=\dimen126
\labelwidthFB=\dimen127
\leftmarginFB=\dimen128
\parindentFFN=\dimen129
\FBfnindent=\dimen130
)) (/usr/share/texlive/texmf-dist/tex/latex/carlisle/scalefnt.sty)
(/usr/share/texlive/texmf-dist/tex/latex/listings/listings.sty
\lst@mode=\count115
\lst@gtempboxa=\box53
\lst@token=\toks20
\lst@length=\count116
\lst@currlwidth=\dimen131
\lst@column=\count117
\lst@pos=\count118
\lst@lostspace=\dimen132
\lst@width=\dimen133
\lst@newlines=\count119
\lst@lineno=\count120
\lst@maxwidth=\dimen134

(/usr/share/texlive/texmf-dist/tex/latex/listings/lstmisc.sty
File: lstmisc.sty 2018/09/02 1.7 (Carsten Heinz)
\c@lstnumber=\count121
\lst@skipnumbers=\count122
\lst@framebox=\box54
)
(/usr/share/texlive/texmf-dist/tex/latex/listings/listings.cfg
File: listings.cfg 2018/09/02 1.7 listings configuration
))
Package: listings 2018/09/02 1.7 (Carsten Heinz)

(/usr/share/texlive/texmf-dist/tex/latex/listings/lstlang1.sty
File: lstlang1.sty 2018/09/02 1.7 listings language file
)
(/usr/share/texlive/texmf-dist/tex/latex/listings/lstmisc.sty
File: lstmisc.sty 2018/09/02 1.7 (Carsten Heinz)
) (./lstasm.tex)
\@indexfile=\write3
\openout3 = `Manux.idx'.


Writing index file Manux.idx
(./Manux.aux)
\openout1 = `Manux.aux'.

LaTeX Font Info:    Checking defaults for OML/cmm/m/it on input line 21.
LaTeX Font Info:    ... okay on input line 21.
LaTeX Font Info:    Checking defaults for T1/cmr/m/n on input line 21.
LaTeX Font Info:    ... okay on input line 21.
LaTeX Font Info:    Checking defaults for OT1/cmr/m/n on input line 21.
LaTeX Font Info:    ... okay on input line 21.
LaTeX Font Info:    Checking defaults for OMS/cmsy/m/n on input line 21.
LaTeX Font Info:    ... okay on input line 21.
LaTeX Font Info:    Checking defaults for OMX/cmex/m/n on input line 21.
LaTeX Font Info:    ... okay on input line 21.
LaTeX Font Info:    Checking defaults for U/cmr/m/n on input line 21.
LaTeX Font Info:    ... okay on input line 21.
LaTeX Font Info:    Try loading font information for OT1+ppl on input line 21.
 (/usr/share/texlive/texmf-dist/tex/latex/psnfss/ot1ppl.fd
File: ot1ppl.fd 2001/06/04 font definitions for OT1/ppl.
)
(/usr/share/texlive/texmf-dist/tex/context/base/mkii/supp-pdf.mkii
[Loading MPS to PDF converter (version 2006.09.02).]
\scratchcounter=\count123
\scratchdimen=\dimen135
\scratchbox=\box55
\nofMPsegments=\count124
\nofMParguments=\count125
\everyMPshowfont=\toks21
\MPscratchCnt=\count126
\MPscratchDim=\dimen136
\MPnumerator=\count127
\makeMPintoPDFobject=\count128
\everyMPtoPDFconversion=\toks22
) (/usr/share/texlive/texmf-dist/tex/latex/oberdiek/epstopdf-base.sty
Package: epstopdf-base 2016/05/15 v2.6 Base part for package epstopdf

(/usr/share/texlive/texmf-dist/tex/generic/oberdiek/infwarerr.sty
Package: infwarerr 2016/05/16 v1.4 Providing info/warning/error messages (HO)
)
(/usr/share/texlive/texmf-dist/tex/latex/oberdiek/grfext.sty
Package: grfext 2016/05/16 v1.2 Manage graphics extensions (HO)

(/usr/share/texlive/texmf-dist/tex/generic/oberdiek/kvdefinekeys.sty
Package: kvdefinekeys 2016/05/16 v1.4 Define keys (HO)

(/usr/share/texlive/texmf-dist/tex/generic/oberdiek/ltxcmds.sty
Package: ltxcmds 2016/05/16 v1.23 LaTeX kernel commands for general use (HO)
)))
(/usr/share/texlive/texmf-dist/tex/latex/oberdiek/kvoptions.sty
Package: kvoptions 2016/05/16 v3.12 Key value format for package options (HO)

(/usr/share/texlive/texmf-dist/tex/generic/oberdiek/kvsetkeys.sty
Package: kvsetkeys 2016/05/16 v1.17 Key value parser (HO)

(/usr/share/texlive/texmf-dist/tex/generic/oberdiek/etexcmds.sty
Package: etexcmds 2016/05/16 v1.6 Avoid name clashes with e-TeX commands (HO)

(/usr/share/texlive/texmf-dist/tex/generic/oberdiek/ifluatex.sty
Package: ifluatex 2016/05/16 v1.4 Provides the ifluatex switch (HO)
Package ifluatex Info: LuaTeX not detected.
))))
(/usr/share/texlive/texmf-dist/tex/generic/oberdiek/pdftexcmds.sty
Package: pdftexcmds 2018/09/10 v0.29 Utility functions of pdfTeX for LuaTeX (HO
)

(/usr/share/texlive/texmf-dist/tex/generic/oberdiek/ifpdf.sty
Package: ifpdf 2018/09/07 v3.3 Provides the ifpdf switch
)
Package pdftexcmds Info: LuaTeX not detected.
Package pdftexcmds Info: \pdf@primitive is available.
Package pdftexcmds Info: \pdf@ifprimitive is available.
Package pdftexcmds Info: \pdfdraftmode found.
)
Package epstopdf-base Info: Redefining graphics rule for `.eps' on input line 4
38.
Package grfext Info: Graphics extension search list:
(grfext)             [.pdf,.png,.jpg,.mps,.jpeg,.jbig2,.jb2,.PDF,.PNG,.JPG,.JPE
G,.JBIG2,.JB2,.eps]
(grfext)             \AppendGraphicsExtensions on input line 456.

(/usr/share/texlive/texmf-dist/tex/latex/latexconfig/epstopdf-sys.cfg
File: epstopdf-sys.cfg 2010/07/13 v1.3 Configuration of (r)epstopdf for TeX Liv
e
))
LaTeX Info: Redefining \degres on input line 21.
LaTeX Info: Redefining \dots on input line 21.
LaTeX Info: Redefining \up on input line 21.


Package french.ldf Warning: OT1 encoding should not be used for French.
(french.ldf)                Add \usepackage[T1]{fontenc} to the preamble
(french.ldf)                of your document; reported on input line 21.

\c@lstlisting=\count129
LaTeX Font Info:    External font `cmex10' loaded for size
(Font)              <12> on input line 30.
LaTeX Font Info:    External font `cmex10' loaded for size
(Font)              <8> on input line 30.
LaTeX Font Info:    External font `cmex10' loaded for size
(Font)              <6> on input line 30.
LaTeX Font Info:    Font shape `OT1/ppl/bx/n' in size <9> not available
(Font)              Font shape `OT1/ppl/b/n' tried instead on input line 35.
LaTeX Font Info:    Font shape `OT1/ppl/bx/n' in size <14.4> not available
(Font)              Font shape `OT1/ppl/b/n' tried instead on input line 46.
(./Manux.toc
LaTeX Font Info:    Font shape `OT1/ppl/bx/n' in size <10> not available
(Font)              Font shape `OT1/ppl/b/n' tried instead on input line 2.
LaTeX Font Info:    External font `cmex10' loaded for size
(Font)              <7> on input line 4.
LaTeX Font Info:    External font `cmex10' loaded for size
(Font)              <5> on input line 4.
LaTeX Font Info:    Try loading font information for OT1+pcr on input line 6.
 (/usr/share/texlive/texmf-dist/tex/latex/psnfss/ot1pcr.fd
File: ot1pcr.fd 2001/06/04 font definitions for OT1/pcr.
)
[1

{/var/lib/texmf/fonts/map/pdftex/updmap/pdftex.map}]
Overfull \hbox (3.69911pt too wide) in paragraph at lines 42--42
 [] []\OT1/ppl/b/n/10 Gestion des interruptions (\OT1/pcr/m/n/10 interruptions.
c interBasNiveau.nasm\OT1/ppl/b/n/10 ) []  
 []

)
\tf@toc=\write4
\openout4 = `Manux.toc'.

 [2]
LaTeX Font Info:    Font shape `OT1/pcr/bx/n' in size <10> not available
(Font)              Font shape `OT1/pcr/b/n' tried instead on input line 70.
LaTeX Font Info:    Font shape `OT1/pcr/m/it' in size <10> not available
(Font)              Font shape `OT1/pcr/m/sl' tried instead on input line 70.

Overfull \hbox (16.96553pt too wide) in paragraph at lines 77--80
[]\OT1/ppl/m/n/10 dans lesquelles on m[]elange all[]egrement le contenu (ici un
 processus) et le contenant
 []


Overfull \hbox (3.31558pt too wide) in paragraph at lines 81--88
\OT1/ppl/m/n/10 compr[]ehensible ; de plus elle se pr[]ete []a la mise en ^^[uv
re de structures ``g[]en[]eriques'',
 []

LaTeX Font Info:    Font shape `OT1/ppl/bx/n' in size <12> not available
(Font)              Font shape `OT1/ppl/b/n' tried instead on input line 102.
[3]
Overfull \hbox (6.90573pt too wide) in paragraph at lines 163--166
[]\OT1/ppl/m/n/10 La section ``\OT1/ppl/m/it/10 Les outils de d^^Seveloppement\
OT1/ppl/m/n/10 '' d[]ecrit sommairement les outils n[]ecessaires
 []


Overfull \hbox (3.26564pt too wide) in paragraph at lines 167--174
\OT1/ppl/m/n/10 en m[]emoire par le \OT1/ppl/m/sc/10 bios \OT1/ppl/m/n/10 de la
 machine puis ex[]ecut[]e. C'est une partie assez technique,
 []

[4]
Overfull \hbox (4.82536pt too wide) in paragraph at lines 234--236
[]\OT1/ppl/m/n/10 Le but n'est []evidemment pas de faire tourner cette merveill
e sur du vrai mat[]eriel,
 []


Overfull \hbox (58.65428pt too wide) in paragraph at lines 255--256
[][][][][][][][][][][][][][][][][][][][][][][][][][][][][][] 
 []

[5]
Overfull \hbox (28.65398pt too wide) in paragraph at lines 314--315
[][][][][][][][][][][][][][][][][][][][][][][][][][]
 []


Overfull \hbox (1.30553pt too wide) in paragraph at lines 342--345
[]\OT1/ppl/m/n/10 permet de lancer l'ex[]ecution d'un programme (inutilisable i
ci []etant donn[]e
 []


Overfull \hbox (56.10535pt too wide) in paragraph at lines 345--347
[]\OT1/ppl/m/n/10 permet de poursuivre l'ex[]ecution jusqu'au prochain point d'
arr[]et/bug/fin/... ; 
 []

[6]
Overfull \hbox (1.3571pt too wide) in paragraph at lines 418--423
[]\OT1/ppl/m/n/10 Le secteur de boot de ManuX est cod[]e dans le fichier [][][]
[][]
 []


Overfull \hbox (92.42624pt too wide) in paragraph at lines 430--433
\OT1/ppl/m/n/10 d'initialiser le syst[]eme. Ce code est []ecrit en assembleur d
ans le fichier [][][][][][][]. 
 []


Overfull \hbox (30.71526pt too wide) in paragraph at lines 438--440
[]\OT1/ppl/m/n/10 Apr[]es ces deux chargements, le code du secteur de boot ex[]
ecute le code d'initialisation. 
 []

[7]
Overfull \hbox (14.23656pt too wide) in paragraph at lines 489--492
[]\OT1/ppl/m/n/10 Charger en m[]emoire un ramdisk qui nous permettra de jouer a
vec des syst[]emes
 []


Overfull \hbox (13.7255pt too wide) in paragraph at lines 501--505
\OT1/ppl/m/n/10 m[]ecanisme permettant de faire passer ces informations depuis 
la phase d'initialisation
 []


Overfull \hbox (1.78575pt too wide) in paragraph at lines 506--509
\OT1/ppl/m/n/10 param[]etre l'adresse d'une structure dans laquelle seront enre
gistr[]ees ces diff[]erentes
 []


Overfull \hbox (15.46523pt too wide) in paragraph at lines 523--527
\OT1/ppl/m/n/10 phase d'initialisation, d'empiler l'adresse de la structure dan
s laquelle les informations
 []


Overfull \hbox (2.43544pt too wide) in paragraph at lines 523--527
\OT1/ppl/m/n/10 ont []et[]e enregistr[]ees. Voici donc par exemple []a quoi peu
vent ressembler les derni[]eres
 []

[8]
Overfull \hbox (1.58592pt too wide) in paragraph at lines 546--549
\OT1/ppl/m/n/10 phases et qu'il est donc important que le programmeur d[]efinis
se de fa[]on coh[]erente
 []


Overfull \hbox (17.03633pt too wide) in paragraph at lines 586--590
\OT1/ppl/m/n/10 sous-syst[]emes du noyau. Ils pourront []etre affich[]es sur un
e console, ou conserv[]es
 []

[9]
Overfull \hbox (15.05609pt too wide) in paragraph at lines 646--651
[]\OT1/ppl/m/n/10 Nous allons d[]efinir un m[]ecanisme de journal permettant de
 conserver les messages
 []


Overfull \hbox (8.83792pt too wide) in paragraph at lines 652--655
[]\OT1/ppl/m/n/10 Le journal est implant[]e dans les fichiers [][][][][] et [][
][][][].
 []


Overfull \hbox (2.90797pt too wide) in paragraph at lines 675--677
[]\OT1/ppl/m/n/10 Elle est mise en ^^[uvre dans les fichiers [][][][][] et [][]
[][][] 
 []


Overfull \hbox (142.00052pt too wide) in paragraph at lines 690--690
[]\OT1/ppl/b/n/14.4 Gestion des interruptions (\OT1/pcr/m/n/14.4 interruptions.
c interBasNiveau.nasm\OT1/ppl/b/n/14.4 ) 
 []


Overfull \hbox (7.1051pt too wide) in paragraph at lines 692--696
[]\OT1/ppl/m/n/10 Sur le 386, une table (l'\OT1/ppl/m/sc/10 idt \OT1/ppl/m/n/10
 pour \OT1/ppl/m/it/10 Interrupt Descriptor Table\OT1/ppl/m/n/10 ) d[]efinit le
 comportement
 []


Overfull \hbox (16.17516pt too wide) in paragraph at lines 692--696
[]\OT1/ppl/m/n/10 a adopter pour chacune des 256 interruptions et exceptionns. 
Cette table est enregistr[]ee
 []


Overfull \hbox (52.76724pt too wide) in paragraph at lines 699--704
\OT1/ppl/m/n/10 fonctions ``bas niveau'' seront implant[]ees dans les fichiers 
\OT1/pcr/m/n/10 manux/i386/interBasNiveau.h
 []


Overfull \hbox (31.70836pt too wide) in paragraph at lines 699--704
\OT1/pcr/m/n/10 i386/interBasNiveau.nasm\OT1/ppl/m/n/10 . Tout le reste sera en
 C dans \OT1/pcr/m/n/10 manux/interruptions.h
 []


Overfull \hbox (15.21584pt too wide) in paragraph at lines 713--718
\OT1/ppl/m/n/10 sans int[]er[]et ici) dont le r[]ole est d'invoquer une fonctio
n C nomm[]ee [].
 []

[10]

LaTeX Warning: Citation `intel386pru1986' on page 11 undefined on input line 74
6.


Overfull \hbox (5.27629pt too wide) in paragraph at lines 768--771
[]\OT1/ppl/m/n/10 Nous la d[]efinissons avec les param[]etres qui sont, dans l'
ordre inverse, les valeurs
 []


Overfull \hbox (20.84769pt too wide) in paragraph at lines 772--775
[]\OT1/ppl/m/n/10 La structure [], d[]ecrite dans \OT1/pcr/m/n/10 manux/types.h
\OT1/ppl/m/n/10 , permet de manipuler
 []


Overfull \hbox (46.65416pt too wide) in paragraph at lines 784--785
[][][][][][][][][][][][][][][][][][][][] 
 []

[11]
Overfull \hbox (4.65373pt too wide) in paragraph at lines 814--815
[][][][][][][][][][][][][][] 
 []


Overfull \hbox (22.65392pt too wide) in paragraph at lines 822--823
[][][][][][][][][][][][][] 
 []


Overfull \hbox (22.65392pt too wide) in paragraph at lines 823--824
[][][][][][][][][][][][][] 
 []


Overfull \hbox (40.6541pt too wide) in paragraph at lines 831--833
[][][][][][][][][][][][][][] 
 []


Overfull \hbox (64.65434pt too wide) in paragraph at lines 834--835
[][][][][][][][][][][][][][] 
 []


Overfull \hbox (18.47716pt too wide) in paragraph at lines 847--850
[]\OT1/ppl/m/n/10 Le clavier est g[]er[]e dans [][][][][] et [][][]. Il s'agit 
essentiellement
 []


Overfull \hbox (4.8078pt too wide) in paragraph at lines 851--853
[]\OT1/ppl/m/n/10 Ce handler doit bien entendu []etre d[]eclar[]e dans \OT1/pcr
/m/n/10 i386/interBasNiveau.nasm\OT1/ppl/m/n/10 . 
 []


Overfull \hbox (1.03592pt too wide) in paragraph at lines 859--863
\OT1/ppl/m/n/10 noyau et les applications. Dans ManuX, le choix a []et[]e fait 
d'implanter ce m[]ecanisme
 []

[12]
Overfull \hbox (1.76535pt too wide) in paragraph at lines 864--871
[]\OT1/ppl/m/n/10 Leur mise en ^^[uvre passe part plusieurs []etapes que je vai
s d[]etailler ici. L'objectif
 []


Overfull \hbox (9.11557pt too wide) in paragraph at lines 895--898
[]\OT1/ppl/m/n/10 Des macros ont []et[]e cr[]e[]ees pour simplifier une telle d
[]efinition. Ce sont par exemple
 []


Overfull \hbox (5.6954pt too wide) in paragraph at lines 914--920
[]\OT1/ppl/m/n/10 La partie la plus importante est naturellement d'[]ecrire le 
code de l'appel syst[]eme.
 []


Overfull \hbox (16.47401pt too wide) in paragraph at lines 914--920
\OT1/ppl/m/n/10 Celui-ci consiste simplement en une fonction C classique (qui e
n utilise []eventuellement
 []


Overfull \hbox (21.33543pt too wide) in paragraph at lines 914--920
\OT1/ppl/m/n/10 d'autres, naturellement). La seule contrainte []etant que si ce
tte fonction a des param[]etres,
 []

LaTeX Font Info:    Font shape `OT1/pcr/bx/it' in size <10> not available
(Font)              Font shape `OT1/pcr/b/it' tried instead on input line 943.
LaTeX Font Info:    Font shape `OT1/pcr/b/it' in size <10> not available
(Font)              Font shape `OT1/pcr/b/sl' tried instead on input line 943.

Overfull \hbox (0.60698pt too wide) in paragraph at lines 948--951
\OT1/ppl/m/n/10 appels syst[]emes ([]) la fonction de traitement de cet appel
 []

[13]
Overfull \hbox (26.52548pt too wide) in paragraph at lines 960--965
[]\OT1/ppl/m/n/10 Nous disposons d[]esormais du minimum permettant d'ex[]ecuter
 quelques instructions
 []


Overfull \hbox (1.11638pt too wide) in paragraph at lines 971--973
[]\OT1/ppl/m/n/10 De plus, nous ne nous int[]eressons pas non plus []a l'ordonn
ancement, et mettrons
 []


Overfull \hbox (0.97762pt too wide) in paragraph at lines 999--1005
[][][][] \OT1/ppl/m/n/10 qui permet, comme son nom laisse []a penser, de stoque
r
 []


Overfull \hbox (1.73729pt too wide) in paragraph at lines 1010--1012
[][][][][][] \OT1/ppl/m/n/10 est la table locale de decripteurs associ[]ee []a 
cette
 []

(PageTache.eps
)

Overfull \hbox (12.34575pt too wide) in paragraph at lines 1032--1038
[]\OT1/ppl/m/n/10 Le \OT1/ppl/m/it/10 Task State Segment \OT1/ppl/m/n/10 (\OT1/
ppl/m/sc/10 tss\OT1/ppl/m/n/10 ) des processeurs Intel permet de stoquer et de 
manipuler
 []


Overfull \hbox (21.48557pt too wide) in paragraph at lines 1032--1038
\OT1/ppl/m/n/10 les informations relatives []a une t[]ache. Dans ManuX, une str
ucture est d[]efinie permettant
 []

[14
Non-PDF special ignored!
<special> PSfile=PageTache.eps llx=0 lly=0 urx=292 ury=80 rwi=1417 
]
Overfull \hbox (8.845pt too wide) in paragraph at lines 1049--1056
\OT1/ppl/m/n/10 L'\OT1/ppl/m/it/10 Indirect far JMP \OT1/ppl/m/n/10 permet en e
ffet de faire un basculement de t[]ache lorsque l'argument
 []


Overfull \hbox (7.55548pt too wide) in paragraph at lines 1065--1068
[]\OT1/ppl/m/n/10 La gestion de la m[]emoire est une fonction essentielle d'un 
syst[]eme d'exploitation.
 []


Overfull \hbox (2.23581pt too wide) in paragraph at lines 1069--1072
[]\OT1/ppl/m/n/10 Il y a plusieurs concepts []a int[]egrer. Cela peut sembler c
omplexe, mais en prenant
 []


Overfull \hbox (6.8455pt too wide) in paragraph at lines 1080--1086
\OT1/ppl/m/n/10 pagination va n[]ecessiter la mise en place d'un certain nombre
 de tables d'indirection,
 []


Overfull \hbox (6.08546pt too wide) in paragraph at lines 1080--1086
\OT1/ppl/m/n/10 ce qui peut sembler un peu lourd, mais qui va en particulier pe
rmettre de la m[]emoire
 []

<adresse-logique.png, id=55, 692.5875pt x 367.3725pt>
File: adresse-logique.png Graphic file (type png)
<use adresse-logique.png>
Package pdftex.def Info: adresse-logique.png  used on input line 1111.
(pdftex.def)             Requested size: 144.53778pt x 76.66841pt.
[15]
<adresse-logique-sel.png, id=60, 693.59125pt x 529.98pt>
File: adresse-logique-sel.png Graphic file (type png)
<use adresse-logique-sel.png>
Package pdftex.def Info: adresse-logique-sel.png  used on input line 1130.
(pdftex.def)             Requested size: 144.53778pt x 110.44186pt.

Overfull \hbox (5.57498pt too wide) in paragraph at lines 1154--1159
\OT1/ppl/b/n/10 D\OT1/ppl/m/it/10 escriptor \OT1/ppl/b/n/10 T\OT1/ppl/m/it/10 a
ble\OT1/ppl/m/n/10 ) ou la \OT1/ppl/m/sc/10 ldt \OT1/ppl/m/n/10 (\OT1/ppl/b/n/1
0 L\OT1/ppl/m/it/10 ocal \OT1/ppl/b/n/10 D\OT1/ppl/m/it/10 escriptor \OT1/ppl/b
/n/10 T\OT1/ppl/m/it/10 able\OT1/ppl/m/n/10 ). Un registre de segment repr[]ese
nte
 []



pdfTeX warning: pdflatex (file ./DescrSegment.pdf): PDF inclusion: found PDF ve
rsion <1.7>, but at most version <1.5> allowed
<DescrSegment.pdf, id=61, 336.25626pt x 274.02374pt>
File: DescrSegment.pdf Graphic file (type pdf)
<use DescrSegment.pdf>
Package pdftex.def Info: DescrSegment.pdf  used on input line 1175.
(pdftex.def)             Requested size: 108.4061pt x 88.34166pt.
[16 <./adresse-logique.png> <./adresse-logique-sel.png>]
Overfull \hbox (102.30682pt too wide) in paragraph at lines 1190--1193
[]\OT1/ppl/m/n/10 Pour cela, elle initalise une structure de type [] d[]efinie 
dans [][][][][][][]
 []


LaTeX Warning: Reference `Figure:addlin' on page 17 undefined on input line 124
6.

<adresse-lineaire.png, id=67, 776.9025pt x 433.62pt>
File: adresse-lineaire.png Graphic file (type png)
<use adresse-lineaire.png>
Package pdftex.def Info: adresse-lineaire.png  used on input line 1250.
(pdftex.def)             Requested size: 289.08109pt x 161.34996pt.
[17 <./DescrSegment.pdf>]
Overfull \hbox (9.69547pt too wide) in paragraph at lines 1281--1286
\OT1/ppl/m/n/10 physique (et sa r[]epartition entre les diff[]erentes t[]aches)
 et l'organisation de la m[]emoire
 []



pdfTeX warning: pdflatex (file ./Pagination.pdf): PDF inclusion: found PDF vers
ion <1.7>, but at most version <1.5> allowed
<Pagination.pdf, id=77, 346.29375pt x 360.34625pt>
File: Pagination.pdf Graphic file (type pdf)
<use Pagination.pdf>
Package pdftex.def Info: Pagination.pdf  used on input line 1300.
(pdftex.def)             Requested size: 180.67499pt x 188.00795pt.

Overfull \hbox (10.75563pt too wide) in paragraph at lines 1309--1312
[]\OT1/ppl/m/n/10 Lorsque la pagination est activ[]ee, le registre \OT1/ppl/m/s
c/10 cr3 \OT1/ppl/m/n/10 doit contenir l'adresse (physique)
 []


Overfull \hbox (22.08536pt too wide) in paragraph at lines 1318--1322
[]\OT1/ppl/m/n/10 La m[]emoire physique est partag[]ee entre une partie syst[]e
me et une partie application.
 []



pdfTeX warning: pdflatex (file ./MemoirePhysique.pdf): PDF inclusion: found PDF
 version <1.7>, but at most version <1.5> allowed
<MemoirePhysique.pdf, id=78, 419.5675pt x 170.6375pt>
File: MemoirePhysique.pdf Graphic file (type pdf)
<use MemoirePhysique.pdf>
Package pdftex.def Info: MemoirePhysique.pdf  used on input line 1325.
(pdftex.def)             Requested size: 180.67499pt x 73.47943pt.
[18 <./adresse-lineaire.png>] [19 <./Pagination.pdf> <./MemoirePhysique.pdf>]
Overfull \hbox (9.03575pt too wide) in paragraph at lines 1379--1384
[]\OT1/ppl/m/n/10 Le but du ramdisk est uniquement de nous permettre de valider
 certains []el[]ements
 []


Overfull \hbox (27.64523pt too wide) in paragraph at lines 1385--1388
[]\OT1/ppl/m/n/10 Il permet de plus une certaine forme de communication avec le
 syst[]eme d'exploitation
 []


Overfull \hbox (94.65465pt too wide) in paragraph at lines 1414--1415
[][][][][][][][][][][][][][][][][][][][][][][][][] 
 []

[20]
Overfull \hbox (15.82538pt too wide) in paragraph at lines 1429--1432
[]\OT1/ppl/m/n/10 Les variables d'exclusion mutuelle permettent d'assurer que l
'acc[]es []a une ressource
 []


Overfull \hbox (25.95544pt too wide) in paragraph at lines 1447--1451
[]\OT1/ppl/m/n/10 Naturellement, comme leurs noms l'indiquent, les trois sous-p
rogrammes permettent
 []


Overfull \hbox (23.03447pt too wide) in paragraph at lines 1447--1451
\OT1/ppl/m/n/10 respectivement d'initialiser une variable d'exclusion mutuelle,
 de prendre une exclusion
 []

No file Manux.ind.
[21] (./Manux.aux)

LaTeX Warning: There were undefined references.


LaTeX Warning: Label(s) may have changed. Rerun to get cross-references right.

 ) 
Here is how much of TeX's memory you used:
 5394 strings out of 494561
 75026 string characters out of 6177388
 337093 words of memory out of 5000000
 8947 multiletter control sequences out of 15000+600000
 23584 words of font info for 62 fonts, out of 8000000 for 9000
 14 hyphenation exceptions out of 8191
 41i,8n,40p,272b,1575s stack positions out of 5000i,500n,10000p,200000b,80000s
{/usr/share/texlive/texmf-dist/fonts/enc/dvips/base/8r.enc}</usr/share/texliv
e/texmf-dist/fonts/type1/public/amsfonts/cm/cmmi10.pfb></usr/share/texlive/texm
f-dist/fonts/type1/urw/courier/ucrb8a.pfb></usr/share/texlive/texmf-dist/fonts/
type1/urw/courier/ucrbo8a.pfb></usr/share/texlive/texmf-dist/fonts/type1/urw/co
urier/ucrr8a.pfb></usr/share/texlive/texmf-dist/fonts/type1/urw/courier/ucrro8a
.pfb></usr/share/texlive/texmf-dist/fonts/type1/urw/palatino/uplb8a.pfb></usr/s
hare/texlive/texmf-dist/fonts/type1/urw/palatino/uplr8a.pfb></usr/share/texlive
/texmf-dist/fonts/type1/urw/palatino/uplri8a.pfb>
Output written on Manux.pdf (21 pages, 250594 bytes).
PDF statistics:
 131 PDF objects out of 1000 (max. 8388607)
 87 compressed objects within 1 object stream
 0 named destinations out of 1000 (max. 500000)
 31 words of extra memory for PDF output out of 10000 (max. 10000000)

